<?xml version="1.0" encoding="UTF-8"?>
<!-- Generated by org.testng.reporters.JUnitReportReporter -->
<testsuite skipped="0" hostname="VENKAT" name="ddfDemos.DDFEbayProdCatSearchTest" tests="2" failures="0" timestamp="2021-02-23T09:47:37 IST" time="119.105" errors="0">
  <testcase name="catSearch" time="58.400" classname="ddfDemos.DDFEbayProdCatSearchTest"/>
  <testcase name="catSearch" time="60.705" classname="ddfDemos.DDFEbayProdCatSearchTest"/>
</testsuite> <!-- ddfDemos.DDFEbayProdCatSearchTest -->
