<?xml version="1.0" encoding="UTF-8"?>
<!-- Generated by org.testng.reporters.JUnitReportReporter -->
<testsuite skipped="0" hostname="VENKAT" name="hybridFrameworkDemos.HybridEbayProdCatSearchTest" tests="2" failures="0" timestamp="2021-02-25T09:32:47 IST" time="76.783" errors="0">
  <testcase name="catSearch" time="43.339" classname="hybridFrameworkDemos.HybridEbayProdCatSearchTest"/>
  <testcase name="catSearch" time="33.444" classname="hybridFrameworkDemos.HybridEbayProdCatSearchTest"/>
</testsuite> <!-- hybridFrameworkDemos.HybridEbayProdCatSearchTest -->
