<?xml version="1.0" encoding="UTF-8"?>
<!-- Generated by org.testng.reporters.JUnitReportReporter -->
<testsuite skipped="0" hostname="VENKAT" name="pomTests.DDFEbayProdCatSearchTest" tests="1" failures="0" timestamp="2021-02-22T09:52:30 IST" time="29.274" errors="0">
  <testcase name="catSearch" time="29.274" classname="pomTests.DDFEbayProdCatSearchTest"/>
</testsuite> <!-- pomTests.DDFEbayProdCatSearchTest -->
