<?xml version="1.0" encoding="UTF-8"?>
<!-- Generated by org.testng.reporters.JUnitReportReporter -->
<testsuite skipped="0" hostname="VENKAT" name="myDemos.MyTest" tests="1" failures="0" timestamp="2021-02-18T09:39:19 IST" time="31.830" errors="0">
  <testcase name="Search" time="31.830" classname="myDemos.MyTest"/>
</testsuite> <!-- myDemos.MyTest -->
