<?xml version="1.0" encoding="UTF-8"?>
<!-- Generated by org.testng.reporters.JUnitReportReporter -->
<testsuite skipped="0" hostname="VENKAT" name="pomTests.EbayProdSearchTest" tests="1" failures="0" timestamp="2021-02-22T09:38:18 IST" time="21.795" errors="0">
  <testcase name="prodSearch" time="21.795" classname="pomTests.EbayProdSearchTest"/>
</testsuite> <!-- pomTests.EbayProdSearchTest -->
