<?xml version="1.0" encoding="UTF-8"?>
<!-- Generated by org.testng.reporters.JUnitReportReporter -->
<testsuite skipped="0" hostname="VENKAT" name="pomTests.EbayProdCatSearchTest" tests="1" failures="0" timestamp="2021-02-22T09:40:08 IST" time="24.741" errors="0">
  <testcase name="catSearch" time="24.741" classname="pomTests.EbayProdCatSearchTest"/>
</testsuite> <!-- pomTests.EbayProdCatSearchTest -->
