<?xml version="1.0" encoding="UTF-8"?>
<!-- Generated by org.testng.reporters.JUnitReportReporter -->
<testsuite skipped="0" hostname="VENKAT" name="kwdfDemos.MyTest" tests="1" failures="0" timestamp="2021-02-26T09:50:56 IST" time="41.841" errors="0">
  <testcase name="Sample" time="41.841" classname="kwdfDemos.MyTest"/>
</testsuite> <!-- kwdfDemos.MyTest -->
