<?xml version="1.0" encoding="UTF-8"?>
<!-- Generated by org.testng.reporters.JUnitReportReporter -->
<testsuite skipped="0" hostname="VENKAT" name="ddfDemos.DDFEbayProdSearchTest" tests="2" failures="0" timestamp="2021-02-23T09:42:35 IST" time="91.029" errors="0">
  <testcase name="prodSearch" time="44.172" classname="ddfDemos.DDFEbayProdSearchTest"/>
  <testcase name="prodSearch" time="46.857" classname="ddfDemos.DDFEbayProdSearchTest"/>
</testsuite> <!-- ddfDemos.DDFEbayProdSearchTest -->
