<?xml version="1.0" encoding="UTF-8"?>
<!-- Generated by org.testng.reporters.JUnitReportReporter -->
<testsuite skipped="0" hostname="VENKAT" name="myDemos.MyTest" tests="1" failures="0" timestamp="2021-03-05T09:54:10 IST" time="43.646" errors="0">
  <testcase name="Search" time="43.646" classname="myDemos.MyTest"/>
</testsuite> <!-- myDemos.MyTest -->
